d:\users\vostek\desktop\engine\visual_studio\x64\debug\vc141.pdb
d:\users\vostek\desktop\engine\visual_studio\x64\debug\vc141.idb
d:\users\vostek\desktop\engine\visual_studio\x64\debug\scriptsystem.obj
d:\users\vostek\desktop\engine\visual_studio\x64\debug\parsers.obj
d:\users\vostek\desktop\engine\visual_studio\x64\debug\main.obj
d:\users\vostek\desktop\engine\visual_studio\x64\debug\linmath.obj
d:\users\vostek\desktop\engine\visual_studio\x64\debug\imgui_widgets.obj
d:\users\vostek\desktop\engine\visual_studio\x64\debug\imgui_impl_opengl3.obj
d:\users\vostek\desktop\engine\visual_studio\x64\debug\imgui_impl_glfw.obj
d:\users\vostek\desktop\engine\visual_studio\x64\debug\imgui_draw.obj
d:\users\vostek\desktop\engine\visual_studio\x64\debug\imgui_demo.obj
d:\users\vostek\desktop\engine\visual_studio\x64\debug\imgui.obj
d:\users\vostek\desktop\engine\visual_studio\x64\debug\guisystem.obj
d:\users\vostek\desktop\engine\visual_studio\x64\debug\graphicsutilities.obj
d:\users\vostek\desktop\engine\visual_studio\x64\debug\controlsystem.obj
d:\users\vostek\desktop\engine\visual_studio\x64\debug\graphicssystem.obj
d:\users\vostek\desktop\engine\visual_studio\x64\debug\game.obj
d:\users\vostek\desktop\engine\visual_studio\x64\debug\debugsystem.obj
d:\users\vostek\desktop\engine\visual_studio\x64\debug\curve.obj
d:\users\vostek\desktop\engine\visual_studio\x64\debug\collisionsystem.obj
d:\users\vostek\desktop\engine\visual_studio\x64\debug\camerasystem.obj
d:\users\vostek\desktop\engine\visual_studio\x64\debug\animationsystem.obj
d:\users\vostek\desktop\engine\visual_studio\x64\debug\shader.obj
d:\users\vostek\desktop\engine\visual_studio\x64\debug\20-basic.8c38c4e6.tlog\cl.command.1.tlog
d:\users\vostek\desktop\engine\visual_studio\x64\debug\20-basic.8c38c4e6.tlog\cl.read.1.tlog
d:\users\vostek\desktop\engine\visual_studio\x64\debug\20-basic.8c38c4e6.tlog\cl.write.1.tlog
d:\users\vostek\desktop\engine\visual_studio\x64\debug\20-basic.8c38c4e6.tlog\link-cvtres.read.1.tlog
d:\users\vostek\desktop\engine\visual_studio\x64\debug\20-basic.8c38c4e6.tlog\link-cvtres.write.1.tlog
d:\users\vostek\desktop\engine\visual_studio\x64\debug\20-basic.8c38c4e6.tlog\link-rc.read.1.tlog
d:\users\vostek\desktop\engine\visual_studio\x64\debug\20-basic.8c38c4e6.tlog\link-rc.write.1.tlog
d:\users\vostek\desktop\engine\visual_studio\x64\debug\20-basic.8c38c4e6.tlog\link.command.1.tlog
d:\users\vostek\desktop\engine\visual_studio\x64\debug\20-basic.8c38c4e6.tlog\link.read.1.tlog
d:\users\vostek\desktop\engine\visual_studio\x64\debug\20-basic.8c38c4e6.tlog\link.write.1.tlog
